2015-03-09 23:11:08 Error: Fatal Error (1): Call to undefined method UserRepository::getEventManager() in [/srv/Projects/PHP/trilord/app/Repository/Impl/UserRepository.php, line 33]
2015-03-09 23:11:08 Error: [FatalErrorException] Call to undefined method UserRepository::getEventManager()
Request URL: /trilord/seeker_register
Stack Trace:
#0 /srv/Projects/PHP/trilord/lib/Cake/Error/ErrorHandler.php(203): ErrorHandler::handleFatalError(1, 'Call to undefin...', '/srv/Projects/P...', 33)
#1 [internal function]: ErrorHandler::handleError(1, 'Call to undefin...', '/srv/Projects/P...', 33, Array)
#2 /srv/Projects/PHP/trilord/lib/Cake/Core/App.php(929): call_user_func('ErrorHandler::h...', 1, 'Call to undefin...', '/srv/Projects/P...', 33, Array)
#3 /srv/Projects/PHP/trilord/lib/Cake/Core/App.php(902): App::_checkFatalError()
#4 [internal function]: App::shutdown()
#5 {main}
2015-03-09 23:15:22 Error: Fatal Error (1): Call to undefined method UserRepository::getEventManager() in [/srv/Projects/PHP/trilord/app/Repository/Impl/UserRepository.php, line 32]
2015-03-09 23:15:22 Error: [FatalErrorException] Call to undefined method UserRepository::getEventManager()
Request URL: /trilord/seeker_register
Stack Trace:
#0 /srv/Projects/PHP/trilord/lib/Cake/Error/ErrorHandler.php(203): ErrorHandler::handleFatalError(1, 'Call to undefin...', '/srv/Projects/P...', 32)
#1 [internal function]: ErrorHandler::handleError(1, 'Call to undefin...', '/srv/Projects/P...', 32, Array)
#2 /srv/Projects/PHP/trilord/lib/Cake/Core/App.php(929): call_user_func('ErrorHandler::h...', 1, 'Call to undefin...', '/srv/Projects/P...', 32, Array)
#3 /srv/Projects/PHP/trilord/lib/Cake/Core/App.php(902): App::_checkFatalError()
#4 [internal function]: App::shutdown()
#5 {main}
2015-03-09 23:18:51 Error: Fatal Error (1): Call to undefined method CakeEventManager::getEventManager() in [/srv/Projects/PHP/trilord/app/Repository/Impl/UserRepository.php, line 32]
2015-03-09 23:18:51 Error: [FatalErrorException] Call to undefined method CakeEventManager::getEventManager()
Request URL: /trilord/seeker_register
Stack Trace:
#0 /srv/Projects/PHP/trilord/lib/Cake/Error/ErrorHandler.php(203): ErrorHandler::handleFatalError(1, 'Call to undefin...', '/srv/Projects/P...', 32)
#1 [internal function]: ErrorHandler::handleError(1, 'Call to undefin...', '/srv/Projects/P...', 32, Array)
#2 /srv/Projects/PHP/trilord/lib/Cake/Core/App.php(929): call_user_func('ErrorHandler::h...', 1, 'Call to undefin...', '/srv/Projects/P...', 32, Array)
#3 /srv/Projects/PHP/trilord/lib/Cake/Core/App.php(902): App::_checkFatalError()
#4 [internal function]: App::shutdown()
#5 {main}
2015-03-09 23:24:11 Error: [PDOException] SQLSTATE[42000]: Syntax error or access violation: 1064 You have an error in your SQL syntax; check the manual that corresponds to your MySQL server version for the right syntax to use near 'dispatch' at line 1
Request URL: /trilord/seeker_register
Stack Trace:
#0 /srv/Projects/PHP/trilord/lib/Cake/Model/Datasource/DboSource.php(458): PDOStatement->execute(Array)
#1 /srv/Projects/PHP/trilord/lib/Cake/Model/Datasource/DboSource.php(424): DboSource->_execute('dispatch', Array)
#2 /srv/Projects/PHP/trilord/lib/Cake/Model/Datasource/DboSource.php(665): DboSource->execute('dispatch', Array, Array)
#3 /srv/Projects/PHP/trilord/lib/Cake/Model/Datasource/DboSource.php(609): DboSource->fetchAll('dispatch', Array, Array)
#4 /srv/Projects/PHP/trilord/lib/Cake/Model/Model.php(800): DboSource->query('dispatch', Array, Object(User))
#5 /srv/Projects/PHP/trilord/app/Repository/Impl/UserRepository.php(32): Model->__call('dispatch', Array)
#6 /srv/Projects/PHP/trilord/app/Repository/Impl/UserRepository.php(32): User->dispatch(Object(CakeEvent))
#7 /srv/Projects/PHP/trilord/app/Controller/UsersController.php(1300): UserRepository->create(Array)
#8 [internal function]: UsersController->register()
#9 /srv/Projects/PHP/trilord/lib/Cake/Controller/Controller.php(490): ReflectionMethod->invokeArgs(Object(UsersController), Array)
#10 /srv/Projects/PHP/trilord/lib/Cake/Routing/Dispatcher.php(185): Controller->invokeAction(Object(CakeRequest))
#11 /srv/Projects/PHP/trilord/lib/Cake/Routing/Dispatcher.php(160): Dispatcher->_invoke(Object(UsersController), Object(CakeRequest), Object(CakeResponse))
#12 /srv/Projects/PHP/trilord/app/webroot/index.php(108): Dispatcher->dispatch(Object(CakeRequest), Object(CakeResponse))
#13 {main}
2015-03-09 23:26:06 Error: Fatal Error (1): Call to a member function subject() on a non-object in [/srv/Projects/PHP/trilord/app/Lib/Email.php, line 20]
2015-03-09 23:26:06 Error: [FatalErrorException] Call to a member function subject() on a non-object
Request URL: /trilord/seeker_register
Stack Trace:
#0 /srv/Projects/PHP/trilord/lib/Cake/Error/ErrorHandler.php(203): ErrorHandler::handleFatalError(1, 'Call to a membe...', '/srv/Projects/P...', 20)
#1 [internal function]: ErrorHandler::handleError(1, 'Call to a membe...', '/srv/Projects/P...', 20, Array)
#2 /srv/Projects/PHP/trilord/lib/Cake/Core/App.php(929): call_user_func('ErrorHandler::h...', 1, 'Call to a membe...', '/srv/Projects/P...', 20, Array)
#3 /srv/Projects/PHP/trilord/lib/Cake/Core/App.php(902): App::_checkFatalError()
#4 [internal function]: App::shutdown()
#5 {main}
2015-03-09 23:29:27 Error: Fatal Error (1): Call to a member function subject() on a non-object in [/srv/Projects/PHP/trilord/app/Lib/Email.php, line 20]
2015-03-09 23:29:27 Error: [FatalErrorException] Call to a member function subject() on a non-object
Request URL: /trilord/seeker_register
Stack Trace:
#0 /srv/Projects/PHP/trilord/lib/Cake/Error/ErrorHandler.php(203): ErrorHandler::handleFatalError(1, 'Call to a membe...', '/srv/Projects/P...', 20)
#1 [internal function]: ErrorHandler::handleError(1, 'Call to a membe...', '/srv/Projects/P...', 20, Array)
#2 /srv/Projects/PHP/trilord/lib/Cake/Core/App.php(929): call_user_func('ErrorHandler::h...', 1, 'Call to a membe...', '/srv/Projects/P...', 20, Array)
#3 /srv/Projects/PHP/trilord/lib/Cake/Core/App.php(902): App::_checkFatalError()
#4 [internal function]: App::shutdown()
#5 {main}
2015-03-09 23:30:16 Error: Fatal Error (1): Call to a member function subject() on a non-object in [/srv/Projects/PHP/trilord/app/Lib/Email.php, line 20]
2015-03-09 23:30:16 Error: [FatalErrorException] Call to a member function subject() on a non-object
Request URL: /trilord/seeker_register
Stack Trace:
#0 /srv/Projects/PHP/trilord/lib/Cake/Error/ErrorHandler.php(203): ErrorHandler::handleFatalError(1, 'Call to a membe...', '/srv/Projects/P...', 20)
#1 [internal function]: ErrorHandler::handleError(1, 'Call to a membe...', '/srv/Projects/P...', 20, Array)
#2 /srv/Projects/PHP/trilord/lib/Cake/Core/App.php(929): call_user_func('ErrorHandler::h...', 1, 'Call to a membe...', '/srv/Projects/P...', 20, Array)
#3 /srv/Projects/PHP/trilord/lib/Cake/Core/App.php(902): App::_checkFatalError()
#4 [internal function]: App::shutdown()
#5 {main}
2015-03-09 23:31:47 Error: Fatal Error (1): Call to a member function subject() on a non-object in [/srv/Projects/PHP/trilord/app/Lib/Email.php, line 20]
2015-03-09 23:31:47 Error: [FatalErrorException] Call to a member function subject() on a non-object
Request URL: /trilord/seeker_register
Stack Trace:
#0 /srv/Projects/PHP/trilord/lib/Cake/Error/ErrorHandler.php(203): ErrorHandler::handleFatalError(1, 'Call to a membe...', '/srv/Projects/P...', 20)
#1 [internal function]: ErrorHandler::handleError(1, 'Call to a membe...', '/srv/Projects/P...', 20, Array)
#2 /srv/Projects/PHP/trilord/lib/Cake/Core/App.php(929): call_user_func('ErrorHandler::h...', 1, 'Call to a membe...', '/srv/Projects/P...', 20, Array)
#3 /srv/Projects/PHP/trilord/lib/Cake/Core/App.php(902): App::_checkFatalError()
#4 [internal function]: App::shutdown()
#5 {main}
2015-03-09 23:32:44 Error: Fatal Error (1): Call to a member function subject() on a non-object in [/srv/Projects/PHP/trilord/app/Lib/Email.php, line 20]
2015-03-09 23:32:44 Error: [FatalErrorException] Call to a member function subject() on a non-object
Request URL: /trilord/seeker_register
Stack Trace:
#0 /srv/Projects/PHP/trilord/lib/Cake/Error/ErrorHandler.php(203): ErrorHandler::handleFatalError(1, 'Call to a membe...', '/srv/Projects/P...', 20)
#1 [internal function]: ErrorHandler::handleError(1, 'Call to a membe...', '/srv/Projects/P...', 20, Array)
#2 /srv/Projects/PHP/trilord/lib/Cake/Core/App.php(929): call_user_func('ErrorHandler::h...', 1, 'Call to a membe...', '/srv/Projects/P...', 20, Array)
#3 /srv/Projects/PHP/trilord/lib/Cake/Core/App.php(902): App::_checkFatalError()
#4 [internal function]: App::shutdown()
#5 {main}
2015-03-09 23:35:42 Error: Fatal Error (1): Cannot use object of type CakeEvent as array in [/srv/Projects/PHP/trilord/app/Lib/Event/UserListener.php, line 30]
2015-03-09 23:35:42 Error: [FatalErrorException] Cannot use object of type CakeEvent as array
Request URL: /trilord/seeker_register
Stack Trace:
#0 /srv/Projects/PHP/trilord/lib/Cake/Error/ErrorHandler.php(203): ErrorHandler::handleFatalError(1, 'Cannot use obje...', '/srv/Projects/P...', 30)
#1 [internal function]: ErrorHandler::handleError(1, 'Cannot use obje...', '/srv/Projects/P...', 30, Array)
#2 /srv/Projects/PHP/trilord/lib/Cake/Core/App.php(929): call_user_func('ErrorHandler::h...', 1, 'Cannot use obje...', '/srv/Projects/P...', 30, Array)
#3 /srv/Projects/PHP/trilord/lib/Cake/Core/App.php(902): App::_checkFatalError()
#4 [internal function]: App::shutdown()
#5 {main}
2015-03-16 14:02:35 Error: Fatal Error (4): syntax error, unexpected '']['' (T_CONSTANT_ENCAPSED_STRING), expecting ']' in [/srv/Projects/PHP/trilord/app/View/Elements/Sections/menu.ctp, line 18]
2015-03-16 14:02:35 Error: [FatalErrorException] syntax error, unexpected '']['' (T_CONSTANT_ENCAPSED_STRING), expecting ']'
Request URL: /trilord/provider/600
Stack Trace:
#0 /srv/Projects/PHP/trilord/lib/Cake/Error/ErrorHandler.php(203): ErrorHandler::handleFatalError(4, 'syntax error, u...', '/srv/Projects/P...', 18)
#1 [internal function]: ErrorHandler::handleError(4, 'syntax error, u...', '/srv/Projects/P...', 18, Array)
#2 /srv/Projects/PHP/trilord/lib/Cake/Core/App.php(929): call_user_func('ErrorHandler::h...', 4, 'syntax error, u...', '/srv/Projects/P...', 18, Array)
#3 /srv/Projects/PHP/trilord/lib/Cake/Core/App.php(902): App::_checkFatalError()
#4 [internal function]: App::shutdown()
#5 {main}
